<?xml version="1.0" encoding="UTF-8"?>
<!-- Generated by org.testng.reporters.JUnitReportReporter -->
<testsuite hostname="LAPTOP-NPL8D5PD" failures="0" tests="1" name="tests.Test_DELETE" time="1.634" errors="0" timestamp="2025-01-26T21:17:03 GMT" skipped="0">
  <testcase classname="tests.Test_DELETE" name="test_01" time="1.634"/>
</testsuite> <!-- tests.Test_DELETE -->
