<?xml version="1.0" encoding="UTF-8"?>
<!-- Generated by org.testng.reporters.JUnitReportReporter -->
<testsuite hostname="LAPTOP-NPL8D5PD" failures="0" tests="3" name="tests.Test_GET" time="3.784" errors="0" timestamp="2025-01-26T17:25:14 GMT" skipped="0">
  <testcase classname="tests.Test_GET" name="test_01" time="2.342"/>
  <testcase classname="tests.Test_GET" name="test_03" time="0.213"/>
  <testcase classname="tests.Test_GET" name="test_02" time="1.229"/>
</testsuite> <!-- tests.Test_GET -->
