<?xml version="1.0" encoding="UTF-8"?>
<!-- Generated by org.testng.reporters.JUnitReportReporter -->
<testsuite hostname="LAPTOP-NPL8D5PD" failures="0" tests="1" name="tests.Test_PUT" time="1.987" errors="0" timestamp="2025-01-26T21:00:52 GMT" skipped="0">
  <testcase classname="tests.Test_PUT" name="test_01" time="1.987"/>
</testsuite> <!-- tests.Test_PUT -->
