<?xml version="1.0" encoding="UTF-8"?>
<!-- Generated by org.testng.reporters.JUnitReportReporter -->
<testsuite hostname="LAPTOP-NPL8D5PD" failures="0" tests="2" name="tests.Test_1_Get" time="2.614" errors="0" timestamp="2025-01-26T15:32:16 GMT" skipped="0">
  <testcase classname="tests.Test_1_Get" name="test_01" time="1.741"/>
  <testcase classname="tests.Test_1_Get" name="test_02" time="0.873"/>
</testsuite> <!-- tests.Test_1_Get -->
