<?xml version="1.0" encoding="UTF-8"?>
<!-- Generated by org.testng.reporters.JUnitReportReporter -->
<testsuite hostname="LAPTOP-NPL8D5PD" failures="0" tests="1" name="tests.Test_POST" time="1.880" errors="0" timestamp="2025-01-26T20:51:33 GMT" skipped="0">
  <testcase classname="tests.Test_POST" name="test_01" time="1.880"/>
</testsuite> <!-- tests.Test_POST -->
